2018-08-15 05:46:01
Total rows: 33

subreddtits updated
2018-08-15 05:46:02
Total rows: 33
===============================

2018-08-15 05:46:02
Total rows: 6012
3.0M /home/ubuntu/workspace/redditriver/db/redditriver.db

Going after front_page's subreddit stories! 
0 new and 0 updated (0 total)
Going after AskReddit's subreddit stories! 
Did not autodiscover anything!
Did not autodiscover anything!
Did not autodiscover anything!
Did not autodiscover anything!
Did not autodiscover anything!
Did not autodiscover anything!
Did not autodiscover anything!
Did not autodiscover anything!
Did not autodiscover anything!
Did not autodiscover anything!
Did not autodiscover anything!
Did not autodiscover anything!
Did not autodiscover anything!
Did not autodiscover anything!
Did not autodiscover anything!
Did not autodiscover anything!
Did not autodiscover anything!
Did not autodiscover anything!
Did not autodiscover anything!
Did not autodiscover anything!
Did not autodiscover anything!
Did not autodiscover anything!
Did not autodiscover anything!
Did not autodiscover anything!
Did not autodiscover anything!
25 new and 26 updated (51 total)
Going after The_Donald's subreddit stories! 
0 new and 0 updated (0 total)
Going after politics's subreddit stories! 
Did not autodiscover anything!
Did not autodiscover anything!
Did not autodiscover anything!
Did not autodiscover anything!
Did not autodiscover anything!
Did not autodiscover anything!
Did not autodiscover anything!
Did not autodiscover anything!
Did not autodiscover anything!
Did not autodiscover anything!
Did not autodiscover anything!
Did not autodiscover anything!
Did not autodiscover anything!
Did not autodiscover anything!
Did not autodiscover anything!
Did not autodiscover anything!
Did not autodiscover anything!
Did not autodiscover anything!
Did not autodiscover anything!
Did not autodiscover anything!
Did not autodiscover anything!
Did not autodiscover anything!
Did not autodiscover anything!
Did not autodiscover anything!
26 new and 0 updated (26 total)
Going after nba's subreddit stories! 
0 new and 0 updated (0 total)
Going after worldnews's subreddit stories! 
0 new and 0 updated (0 total)
Going after funny's subreddit stories! 
Did not autodiscover anything!
Did not autodiscover anything!
Did not autodiscover anything!
Did not autodiscover anything!
Did not autodiscover anything!
Did not autodiscover anything!
Did not autodiscover anything!
Did not autodiscover anything!
Did not autodiscover anything!
Did not autodiscover anything!
Did not autodiscover anything!
Did not autodiscover anything!
Did not autodiscover anything!
Did not autodiscover anything!
Did not autodiscover anything!
Did not autodiscover anything!
Did not autodiscover anything!
Did not autodiscover anything!
Did not autodiscover anything!
Did not autodiscover anything!
Did not autodiscover anything!
Did not autodiscover anything!
Did not autodiscover anything!
Did not autodiscover anything!
Did not autodiscover anything!
Did not autodiscover anything!
26 new and 0 updated (26 total)
Going after pics's subreddit stories! 
0 new and 0 updated (0 total)
Going after news's subreddit stories! 
0 new and 0 updated (0 total)
Going after todayilearned's subreddit stories! 
0 new and 0 updated (0 total)
Going after videos's subreddit stories! 
0 new and 0 updated (0 total)
Going after gaming's subreddit stories! 
0 new and 0 updated (0 total)
Going after soccer's subreddit stories! 
0 new and 0 updated (0 total)
Going after aww's subreddit stories! 
Did not autodiscover anything!
Did not autodiscover anything!
Did not autodiscover anything!
Did not autodiscover anything!
Did not autodiscover anything!
Did not autodiscover anything!
Did not autodiscover anything!
Did not autodiscover anything!
Did not autodiscover anything!
Did not autodiscover anything!
Did not autodiscover anything!
Did not autodiscover anything!
Did not autodiscover anything!
Did not autodiscover anything!
Did not autodiscover anything!
Did not autodiscover anything!
Did not autodiscover anything!
Did not autodiscover anything!
Did not autodiscover anything!
Did not autodiscover anything!
Did not autodiscover anything!
Did not autodiscover anything!
Did not autodiscover anything!
Did not autodiscover anything!
Did not autodiscover anything!
25 new and 0 updated (25 total)
Going after gifs's subreddit stories! 
0 new and 0 updated (0 total)
Going after movies's subreddit stories! 
0 new and 0 updated (0 total)
Going after Showerthoughts's subreddit stories! 
0 new and 0 updated (0 total)
Going after BlackPeopleTwitter's subreddit stories! 
0 new and 0 updated (0 total)
Going after Overwatch's subreddit stories! 
0 new and 0 updated (0 total)
Going after SquaredCircle's subreddit stories! 
0 new and 0 updated (0 total)
Going after me_irl's subreddit stories! 
0 new and 0 updated (0 total)
Going after leagueoflegends's subreddit stories! 
0 new and 0 updated (0 total)
Going after nfl's subreddit stories! 
Did not autodiscover anything!
Did not autodiscover anything!
Did not autodiscover anything!
Autodiscovered 'https://mobile.twitter.com/jimmykempski/status/1029371745743130629'
Autodiscovered 'https://mobile.twitter.com/mysportsupdate/status/1029561344557821952?s=21'
Autodiscovered 'https://mobile.twitter.com/kareemcopeland/status/1029413926264602624'
Did not autodiscover anything!
Did not autodiscover anything!
Autodiscovered 'https://mobile.twitter.com/chicagobears/status/1029386414537011200'
Did not autodiscover anything!
Autodiscovered 'https://mobile.twitter.com/keithbritton86/status/1029549304497758208?s=09'
Autodiscovered 'https://mobile.twitter.com/victafur/status/1029487498811006976'
Autodiscovered 'https://mobile.twitter.com/markkaboly/status/1029453896920510464'
Autodiscovered 'https://mobile.twitter.com/diannaespn/status/1029433517795622913'
Did not autodiscover anything!
Autodiscovered 'https://mobile.twitter.com/steelersprburt/status/1029478687983456257'
Autodiscovered 'https://mobile.twitter.com/chiefsreporter/status/1029396010311843840'
Autodiscovered 'https://mobile.twitter.com/adamschefter/status/1029511589651800064'
Autodiscovered 'https://mobile.twitter.com/mikegiardi/status/1029436166175698945'
Autodiscovered 'https://mobile.twitter.com/mikegarafolo/status/1029348412171411457'
Did not autodiscover anything!
Autodiscovered 'https://mobile.twitter.com/49ers/status/1029420578799796226'
Autodiscovered 'https://mobile.twitter.com/nathanzegura/status/1029421084230254593'
Did not autodiscover anything!
Autodiscovered 'https://mobile.twitter.com/ryankoenigsberg/status/1029422874015162368'
Autodiscovered 'https://mobile.twitter.com/jeff_mclane/status/1029387918740279296'
Autodiscovered 'https://mobile.twitter.com/mikejurecki/status/1029443935859499009?s=09'
27 new and 0 updated (27 total)
Going after mildlyinteresting's subreddit stories! 
0 new and 0 updated (0 total)
Going after dankmemes's subreddit stories! 
0 new and 0 updated (0 total)
Going after rupaulsdragrace's subreddit stories! 
0 new and 0 updated (0 total)
Going after hockey's subreddit stories! 
0 new and 0 updated (0 total)
Going after AdviceAnimals's subreddit stories! 
0 new and 0 updated (0 total)
Going after WTF's subreddit stories! 
0 new and 0 updated (0 total)
Going after relationships's subreddit stories! 
0 new and 0 updated (0 total)
Going after television's subreddit stories! 
Did not autodiscover anything!
Did not autodiscover anything!
Did not autodiscover anything!
Autodiscovered 'https://m.youtube.com/watch?v=oyLpX8RVu5c'
Autodiscovered 'https://m.youtube.com/watch?v=GX8EU9MeyJw'
Did not autodiscover anything!
Did not autodiscover anything!
Did not autodiscover anything!
Autodiscovered 'https://m.youtube.com/watch?v=GCxIDm8TmUw'
Did not autodiscover anything!
Did not autodiscover anything!
Did not autodiscover anything!
Autodiscovered 'https://m.youtube.com/watch?v=Uc9_mxvP1K0'
Did not autodiscover anything!
Did not autodiscover anything!
Autodiscovered 'https://m.youtube.com/watch?v=Uo0FUyiVYR8'
Autodiscovered 'https://m.youtube.com/watch?v=sbqQ6pHct64'
Did not autodiscover anything!
Did not autodiscover anything!
Did not autodiscover anything!
Did not autodiscover anything!
Autodiscovered 'https://m.youtube.com/watch?v=Ks3b571encQ'
Did not autodiscover anything!
Did not autodiscover anything!
Did not autodiscover anything!
Did not autodiscover anything!
26 new and 0 updated (26 total)
Going after CFB's subreddit stories! 
Did not autodiscover anything!
Did not autodiscover anything!
Autodiscovered 'https://m.youtube.com/watch?v=8203aUMbnbw'
Did not autodiscover anything!
Did not autodiscover anything!
Did not autodiscover anything!
Autodiscovered 'https://m.youtube.com/watch?v=UUJoAXNtH8M'
Did not autodiscover anything!
Did not autodiscover anything!
Autodiscovered 'https://m.youtube.com/watch?v=gAih_TnqPkw'
Did not autodiscover anything!
Did not autodiscover anything!
Did not autodiscover anything!
Did not autodiscover anything!
Did not autodiscover anything!
Did not autodiscover anything!
Did not autodiscover anything!
Did not autodiscover anything!
Did not autodiscover anything!
Did not autodiscover anything!
Did not autodiscover anything!
Did not autodiscover anything!
Did not autodiscover anything!
Did not autodiscover anything!
26 new and 0 updated (26 total)
Going after technology's subreddit stories! 
0 new and 0 updated (0 total)
Total: 181 new and 26 updated (207 total)

2018-08-15 05:53:39
Total rows: 6193
3.1M /home/ubuntu/workspace/redditriver/db/redditriver.db
